# JRE version: Java(TM) SE Runtime Environment (17.0.10+11) (build 17.0.10+11-LTS-240)
# Java VM: Java HotSpot(TM) 64-Bit Server VM (17.0.10+11-LTS-240, mixed mode, sharing, tiered, compressed oops, compressed class ptrs, g1 gc, windows-amd64)
GC Precious Log:
 CPUs: 2 total, 2 available
 Memory: 4095M
 Large Page Support: Disabled
 NUMA Support: Disabled
 Compressed Oops: Enabled (32-bit)
 Heap Region Size: 1M
 Heap Min Capacity: 8M
 Heap Initial Capacity: 64M
 Heap Max Capacity: 1G
 Pre-touch: Disabled
 Parallel Workers: 2
 Concurrent Workers: 1
 Concurrent Refinement Workers: 2
 Periodic GC: Disabled
Heap:
 garbage-first heap   total 45056K, used 17307K [0x00000000c0000000, 0x0000000100000000)
  region size 1024K, 2 young (2048K), 2 survivors (2048K)
 Metaspace       used 29042K, committed 29440K, reserved 1114112K
  class space    used 3626K, committed 3840K, reserved 1048576K
GC Heap History (17 events):
Event: 0.485 GC heap before
{Heap before GC invocations=0 (full 0):
 garbage-first heap   total 65536K, used 6144K [0x00000000c0000000, 0x0000000100000000)
  region size 1024K, 6 young (6144K), 0 survivors (0K)
 Metaspace       used 513K, committed 704K, reserved 1114112K
  class space    used 22K, committed 128K, reserved 1048576K
}
Event: 0.490 GC heap after
{Heap after GC invocations=1 (full 0):
 garbage-first heap   total 65536K, used 4972K [0x00000000c0000000, 0x0000000100000000)
  region size 1024K, 1 young (1024K), 1 survivors (1024K)
 Metaspace       used 513K, committed 704K, reserved 1114112K
  class space    used 22K, committed 128K, reserved 1048576K
}
Event: 0.731 GC heap before
{Heap before GC invocations=1 (full 0):
 garbage-first heap   total 65536K, used 8044K [0x00000000c0000000, 0x0000000100000000)
  region size 1024K, 4 young (4096K), 1 survivors (1024K)
 Metaspace       used 2264K, committed 2368K, reserved 1114112K
  class space    used 200K, committed 256K, reserved 1048576K
}
Event: 0.734 GC heap after
{Heap after GC invocations=2 (full 0):
 garbage-first heap   total 65536K, used 5649K [0x00000000c0000000, 0x0000000100000000)
  region size 1024K, 1 young (1024K), 1 survivors (1024K)
 Metaspace       used 2264K, committed 2368K, reserved 1114112K
  class space    used 200K, committed 256K, reserved 1048576K
}
Event: 1.277 GC heap before
{Heap before GC invocations=2 (full 0):
 garbage-first heap   total 65536K, used 12817K [0x00000000c0000000, 0x0000000100000000)
  region size 1024K, 9 young (9216K), 1 survivors (1024K)
 Metaspace       used 4882K, committed 5056K, reserved 1114112K
  class space    used 533K, committed 640K, reserved 1048576K
}
Event: 1.286 GC heap after
{Heap after GC invocations=3 (full 0):
 garbage-first heap   total 65536K, used 6817K [0x00000000c0000000, 0x0000000100000000)
  region size 1024K, 2 young (2048K), 2 survivors (2048K)
 Metaspace       used 4882K, committed 5056K, reserved 1114112K
  class space    used 533K, committed 640K, reserved 1048576K
}
Event: 2.601 GC heap before
{Heap before GC invocations=3 (full 0):
 garbage-first heap   total 65536K, used 34465K [0x00000000c0000000, 0x0000000100000000)
  region size 1024K, 30 young (30720K), 2 survivors (2048K)
 Metaspace       used 11868K, committed 12096K, reserved 1114112K
  class space    used 1398K, committed 1536K, reserved 1048576K
}
Event: 2.612 GC heap after
{Heap after GC invocations=4 (full 0):
 garbage-first heap   total 65536K, used 8969K [0x00000000c0000000, 0x0000000100000000)
  region size 1024K, 4 young (4096K), 4 survivors (4096K)
 Metaspace       used 11868K, committed 12096K, reserved 1114112K
  class space    used 1398K, committed 1536K, reserved 1048576K
}
Event: 4.518 GC heap before
{Heap before GC invocations=4 (full 0):
 garbage-first heap   total 65536K, used 42761K [0x00000000c0000000, 0x0000000100000000)
  region size 1024K, 38 young (38912K), 4 survivors (4096K)
 Metaspace       used 17768K, committed 18112K, reserved 1114112K
  class space    used 2128K, committed 2304K, reserved 1048576K
}
Event: 4.535 GC heap after
{Heap after GC invocations=5 (full 0):
 garbage-first heap   total 65536K, used 11643K [0x00000000c0000000, 0x0000000100000000)
  region size 1024K, 5 young (5120K), 5 survivors (5120K)
 Metaspace       used 17768K, committed 18112K, reserved 1114112K
  class space    used 2128K, committed 2304K, reserved 1048576K
}
Event: 5.685 GC heap before
{Heap before GC invocations=5 (full 0):
 garbage-first heap   total 65536K, used 32123K [0x00000000c0000000, 0x0000000100000000)
  region size 1024K, 26 young (26624K), 5 survivors (5120K)
 Metaspace       used 21191K, committed 21504K, reserved 1114112K
  class space    used 2598K, committed 2752K, reserved 1048576K
}
Event: 5.699 GC heap after
{Heap after GC invocations=6 (full 0):
 garbage-first heap   total 65536K, used 12763K [0x00000000c0000000, 0x0000000100000000)
  region size 1024K, 2 young (2048K), 2 survivors (2048K)
 Metaspace       used 21191K, committed 21504K, reserved 1114112K
  class space    used 2598K, committed 2752K, reserved 1048576K
}
Event: 6.837 GC heap before
{Heap before GC invocations=7 (full 0):
 garbage-first heap   total 45056K, used 36315K [0x00000000c0000000, 0x0000000100000000)
  region size 1024K, 26 young (26624K), 2 survivors (2048K)
 Metaspace       used 26079K, committed 26432K, reserved 1114112K
  class space    used 3286K, committed 3456K, reserved 1048576K
}
Event: 6.850 GC heap after
{Heap after GC invocations=8 (full 0):
 garbage-first heap   total 45056K, used 15619K [0x00000000c0000000, 0x0000000100000000)
  region size 1024K, 4 young (4096K), 4 survivors (4096K)
 Metaspace       used 26079K, committed 26432K, reserved 1114112K
  class space    used 3286K, committed 3456K, reserved 1048576K
}
Event: 6.872 GC heap before
{Heap before GC invocations=8 (full 0):
 garbage-first heap   total 45056K, used 16643K [0x00000000c0000000, 0x0000000100000000)
  region size 1024K, 5 young (5120K), 4 survivors (4096K)
 Metaspace       used 26081K, committed 26432K, reserved 1114112K
  class space    used 3286K, committed 3456K, reserved 1048576K
}
Event: 6.887 GC heap after
{Heap after GC invocations=9 (full 0):
 garbage-first heap   total 45056K, used 15939K [0x00000000c0000000, 0x0000000100000000)
  region size 1024K, 1 young (1024K), 1 survivors (1024K)
 Metaspace       used 26081K, committed 26432K, reserved 1114112K
  class space    used 3286K, committed 3456K, reserved 1048576K
}
Event: 7.690 GC heap before
{Heap before GC invocations=9 (full 0):
 garbage-first heap   total 45056K, used 31299K [0x00000000c0000000, 0x0000000100000000)
  region size 1024K, 16 young (16384K), 1 survivors (1024K)
 Metaspace       used 29042K, committed 29440K, reserved 1114112K
  class space    used 3626K, committed 3840K, reserved 1048576K
}

